ERROR - 2026-01-16 16:58:52 --> WorldTimeAPI no respondió
ERROR - 2026-01-16 17:29:05 --> 404 Page Not Found: Apijs/index
ERROR - 2026-01-16 17:29:05 --> 404 Page Not Found: _next/static
ERROR - 2026-01-16 17:29:05 --> 404 Page Not Found: __ENVjs/index
ERROR - 2026-01-16 17:29:05 --> Severity: Warning --> include(/home/vtw29p6363rq/public_html/dashboard/siat-systems-api/application/views/errors/html/error_404.php): Failed to open stream: No such file or directory /home/vtw29p6363rq/public_html/dashboard/siat-systems-api/system/core/Exceptions.php 184
ERROR - 2026-01-16 17:29:05 --> 404 Page Not Found: Lib/config.js
ERROR - 2026-01-16 17:29:05 --> 404 Page Not Found: Runtime-configjs/index
ERROR - 2026-01-16 17:29:05 --> Severity: Warning --> include(/home/vtw29p6363rq/public_html/dashboard/siat-systems-api/application/views/errors/html/error_404.php): Failed to open stream: No such file or directory /home/vtw29p6363rq/public_html/dashboard/siat-systems-api/system/core/Exceptions.php 184
ERROR - 2026-01-16 17:29:05 --> Severity: Warning --> include(/home/vtw29p6363rq/public_html/dashboard/siat-systems-api/application/views/errors/html/error_404.php): Failed to open stream: No such file or directory /home/vtw29p6363rq/public_html/dashboard/siat-systems-api/system/core/Exceptions.php 184
ERROR - 2026-01-16 17:29:05 --> 404 Page Not Found: Env-configjs/index
ERROR - 2026-01-16 17:29:05 --> Severity: Warning --> include(/home/vtw29p6363rq/public_html/dashboard/siat-systems-api/application/views/errors/html/error_404.php): Failed to open stream: No such file or directory /home/vtw29p6363rq/public_html/dashboard/siat-systems-api/system/core/Exceptions.php 184
ERROR - 2026-01-16 17:29:05 --> 404 Page Not Found: Appjs/index
ERROR - 2026-01-16 17:29:05 --> 404 Page Not Found: Keysjson/index
ERROR - 2026-01-16 17:29:05 --> Severity: Warning --> include(/home/vtw29p6363rq/public_html/dashboard/siat-systems-api/application/views/errors/html/error_404.php): Failed to open stream: No such file or directory /home/vtw29p6363rq/public_html/dashboard/siat-systems-api/system/core/Exceptions.php 184
ERROR - 2026-01-16 17:29:05 --> Severity: Warning --> include(/home/vtw29p6363rq/public_html/dashboard/siat-systems-api/application/views/errors/html/error_404.php): Failed to open stream: No such file or directory /home/vtw29p6363rq/public_html/dashboard/siat-systems-api/system/core/Exceptions.php 184
ERROR - 2026-01-16 17:29:05 --> Severity: Warning --> include(/home/vtw29p6363rq/public_html/dashboard/siat-systems-api/application/views/errors/html/error_404.php): Failed to open stream: No such file or directory /home/vtw29p6363rq/public_html/dashboard/siat-systems-api/system/core/Exceptions.php 184
ERROR - 2026-01-16 17:29:05 --> Severity: Warning --> include(/home/vtw29p6363rq/public_html/dashboard/siat-systems-api/application/views/errors/html/error_404.php): Failed to open stream: No such file or directory /home/vtw29p6363rq/public_html/dashboard/siat-systems-api/system/core/Exceptions.php 184
ERROR - 2026-01-16 17:29:05 --> 404 Page Not Found: _next/static
ERROR - 2026-01-16 17:29:05 --> Severity: Warning --> include(/home/vtw29p6363rq/public_html/dashboard/siat-systems-api/application/views/errors/html/error_404.php): Failed to open stream: No such file or directory /home/vtw29p6363rq/public_html/dashboard/siat-systems-api/system/core/Exceptions.php 184
ERROR - 2026-01-16 17:29:05 --> Severity: Warning --> include(): Failed opening '/home/vtw29p6363rq/public_html/dashboard/siat-systems-api/application/views/errors/html/error_404.php' for inclusion (include_path='.:/opt/alt/php82/usr/share/pear:/opt/alt/php82/usr/share/php:/usr/share/pear:/usr/share/php') /home/vtw29p6363rq/public_html/dashboard/siat-systems-api/system/core/Exceptions.php 184
ERROR - 2026-01-16 17:29:05 --> Severity: Warning --> include(): Failed opening '/home/vtw29p6363rq/public_html/dashboard/siat-systems-api/application/views/errors/html/error_404.php' for inclusion (include_path='.:/opt/alt/php82/usr/share/pear:/opt/alt/php82/usr/share/php:/usr/share/pear:/usr/share/php') /home/vtw29p6363rq/public_html/dashboard/siat-systems-api/system/core/Exceptions.php 184
ERROR - 2026-01-16 17:29:05 --> 404 Page Not Found: Src/config.js
ERROR - 2026-01-16 17:29:05 --> 404 Page Not Found: Indexhtml/index
ERROR - 2026-01-16 17:29:05 --> Severity: Warning --> include(): Failed opening '/home/vtw29p6363rq/public_html/dashboard/siat-systems-api/application/views/errors/html/error_404.php' for inclusion (include_path='.:/opt/alt/php82/usr/share/pear:/opt/alt/php82/usr/share/php:/usr/share/pear:/usr/share/php') /home/vtw29p6363rq/public_html/dashboard/siat-systems-api/system/core/Exceptions.php 184
ERROR - 2026-01-16 17:29:05 --> Severity: Warning --> include(): Failed opening '/home/vtw29p6363rq/public_html/dashboard/siat-systems-api/application/views/errors/html/error_404.php' for inclusion (include_path='.:/opt/alt/php82/usr/share/pear:/opt/alt/php82/usr/share/php:/usr/share/pear:/usr/share/php') /home/vtw29p6363rq/public_html/dashboard/siat-systems-api/system/core/Exceptions.php 184
ERROR - 2026-01-16 17:29:05 --> Severity: Warning --> include(/home/vtw29p6363rq/public_html/dashboard/siat-systems-api/application/views/errors/html/error_404.php): Failed to open stream: No such file or directory /home/vtw29p6363rq/public_html/dashboard/siat-systems-api/system/core/Exceptions.php 184
ERROR - 2026-01-16 17:29:05 --> Severity: Warning --> include(): Failed opening '/home/vtw29p6363rq/public_html/dashboard/siat-systems-api/application/views/errors/html/error_404.php' for inclusion (include_path='.:/opt/alt/php82/usr/share/pear:/opt/alt/php82/usr/share/php:/usr/share/pear:/usr/share/php') /home/vtw29p6363rq/public_html/dashboard/siat-systems-api/system/core/Exceptions.php 184
ERROR - 2026-01-16 17:29:05 --> Severity: Warning --> include(): Failed opening '/home/vtw29p6363rq/public_html/dashboard/siat-systems-api/application/views/errors/html/error_404.php' for inclusion (include_path='.:/opt/alt/php82/usr/share/pear:/opt/alt/php82/usr/share/php:/usr/share/pear:/usr/share/php') /home/vtw29p6363rq/public_html/dashboard/siat-systems-api/system/core/Exceptions.php 184
ERROR - 2026-01-16 17:29:05 --> Severity: Warning --> include(): Failed opening '/home/vtw29p6363rq/public_html/dashboard/siat-systems-api/application/views/errors/html/error_404.php' for inclusion (include_path='.:/opt/alt/php82/usr/share/pear:/opt/alt/php82/usr/share/php:/usr/share/pear:/usr/share/php') /home/vtw29p6363rq/public_html/dashboard/siat-systems-api/system/core/Exceptions.php 184
ERROR - 2026-01-16 17:29:05 --> Severity: Warning --> include(): Failed opening '/home/vtw29p6363rq/public_html/dashboard/siat-systems-api/application/views/errors/html/error_404.php' for inclusion (include_path='.:/opt/alt/php82/usr/share/pear:/opt/alt/php82/usr/share/php:/usr/share/pear:/usr/share/php') /home/vtw29p6363rq/public_html/dashboard/siat-systems-api/system/core/Exceptions.php 184
ERROR - 2026-01-16 17:29:05 --> 404 Page Not Found: Config/index.js
ERROR - 2026-01-16 17:29:05 --> Severity: Warning --> include(/home/vtw29p6363rq/public_html/dashboard/siat-systems-api/application/views/errors/html/error_404.php): Failed to open stream: No such file or directory /home/vtw29p6363rq/public_html/dashboard/siat-systems-api/system/core/Exceptions.php 184
ERROR - 2026-01-16 17:29:05 --> 404 Page Not Found: Vendorjs/index
ERROR - 2026-01-16 17:29:05 --> Severity: Warning --> include(): Failed opening '/home/vtw29p6363rq/public_html/dashboard/siat-systems-api/application/views/errors/html/error_404.php' for inclusion (include_path='.:/opt/alt/php82/usr/share/pear:/opt/alt/php82/usr/share/php:/usr/share/pear:/usr/share/php') /home/vtw29p6363rq/public_html/dashboard/siat-systems-api/system/core/Exceptions.php 184
ERROR - 2026-01-16 17:29:05 --> Severity: Warning --> include(/home/vtw29p6363rq/public_html/dashboard/siat-systems-api/application/views/errors/html/error_404.php): Failed to open stream: No such file or directory /home/vtw29p6363rq/public_html/dashboard/siat-systems-api/system/core/Exceptions.php 184
ERROR - 2026-01-16 17:29:05 --> Severity: Warning --> include(): Failed opening '/home/vtw29p6363rq/public_html/dashboard/siat-systems-api/application/views/errors/html/error_404.php' for inclusion (include_path='.:/opt/alt/php82/usr/share/pear:/opt/alt/php82/usr/share/php:/usr/share/pear:/usr/share/php') /home/vtw29p6363rq/public_html/dashboard/siat-systems-api/system/core/Exceptions.php 184
ERROR - 2026-01-16 17:29:05 --> 404 Page Not Found: Donate/index
ERROR - 2026-01-16 17:29:05 --> Severity: Warning --> include(/home/vtw29p6363rq/public_html/dashboard/siat-systems-api/application/views/errors/html/error_404.php): Failed to open stream: No such file or directory /home/vtw29p6363rq/public_html/dashboard/siat-systems-api/system/core/Exceptions.php 184
ERROR - 2026-01-16 17:29:05 --> Severity: Warning --> include(): Failed opening '/home/vtw29p6363rq/public_html/dashboard/siat-systems-api/application/views/errors/html/error_404.php' for inclusion (include_path='.:/opt/alt/php82/usr/share/pear:/opt/alt/php82/usr/share/php:/usr/share/pear:/usr/share/php') /home/vtw29p6363rq/public_html/dashboard/siat-systems-api/system/core/Exceptions.php 184
ERROR - 2026-01-16 17:29:05 --> Severity: Warning --> include(/home/vtw29p6363rq/public_html/dashboard/siat-systems-api/application/views/errors/html/error_404.php): Failed to open stream: No such file or directory /home/vtw29p6363rq/public_html/dashboard/siat-systems-api/system/core/Exceptions.php 184
ERROR - 2026-01-16 17:29:05 --> Severity: Warning --> include(): Failed opening '/home/vtw29p6363rq/public_html/dashboard/siat-systems-api/application/views/errors/html/error_404.php' for inclusion (include_path='.:/opt/alt/php82/usr/share/pear:/opt/alt/php82/usr/share/php:/usr/share/pear:/usr/share/php') /home/vtw29p6363rq/public_html/dashboard/siat-systems-api/system/core/Exceptions.php 184
ERROR - 2026-01-16 17:29:05 --> 404 Page Not Found: Build/static
ERROR - 2026-01-16 17:29:05 --> Severity: Warning --> include(/home/vtw29p6363rq/public_html/dashboard/siat-systems-api/application/views/errors/html/error_404.php): Failed to open stream: No such file or directory /home/vtw29p6363rq/public_html/dashboard/siat-systems-api/system/core/Exceptions.php 184
ERROR - 2026-01-16 17:29:05 --> Severity: Warning --> include(): Failed opening '/home/vtw29p6363rq/public_html/dashboard/siat-systems-api/application/views/errors/html/error_404.php' for inclusion (include_path='.:/opt/alt/php82/usr/share/pear:/opt/alt/php82/usr/share/php:/usr/share/pear:/usr/share/php') /home/vtw29p6363rq/public_html/dashboard/siat-systems-api/system/core/Exceptions.php 184
ERROR - 2026-01-16 17:29:05 --> Severity: Warning --> include(): Failed opening '/home/vtw29p6363rq/public_html/dashboard/siat-systems-api/application/views/errors/html/error_404.php' for inclusion (include_path='.:/opt/alt/php82/usr/share/pear:/opt/alt/php82/usr/share/php:/usr/share/pear:/usr/share/php') /home/vtw29p6363rq/public_html/dashboard/siat-systems-api/system/core/Exceptions.php 184
ERROR - 2026-01-16 17:29:05 --> Severity: Warning --> include(): Failed opening '/home/vtw29p6363rq/public_html/dashboard/siat-systems-api/application/views/errors/html/error_404.php' for inclusion (include_path='.:/opt/alt/php82/usr/share/pear:/opt/alt/php82/usr/share/php:/usr/share/pear:/usr/share/php') /home/vtw29p6363rq/public_html/dashboard/siat-systems-api/system/core/Exceptions.php 184
ERROR - 2026-01-16 17:29:05 --> 404 Page Not Found: Cart/index
ERROR - 2026-01-16 17:29:05 --> Severity: Warning --> include(/home/vtw29p6363rq/public_html/dashboard/siat-systems-api/application/views/errors/html/error_404.php): Failed to open stream: No such file or directory /home/vtw29p6363rq/public_html/dashboard/siat-systems-api/system/core/Exceptions.php 184
ERROR - 2026-01-16 17:29:05 --> Severity: Warning --> include(): Failed opening '/home/vtw29p6363rq/public_html/dashboard/siat-systems-api/application/views/errors/html/error_404.php' for inclusion (include_path='.:/opt/alt/php82/usr/share/pear:/opt/alt/php82/usr/share/php:/usr/share/pear:/usr/share/php') /home/vtw29p6363rq/public_html/dashboard/siat-systems-api/system/core/Exceptions.php 184
ERROR - 2026-01-16 17:29:05 --> 404 Page Not Found: _next/static
ERROR - 2026-01-16 17:29:05 --> Severity: Warning --> include(/home/vtw29p6363rq/public_html/dashboard/siat-systems-api/application/views/errors/html/error_404.php): Failed to open stream: No such file or directory /home/vtw29p6363rq/public_html/dashboard/siat-systems-api/system/core/Exceptions.php 184
ERROR - 2026-01-16 17:29:05 --> Severity: Warning --> include(): Failed opening '/home/vtw29p6363rq/public_html/dashboard/siat-systems-api/application/views/errors/html/error_404.php' for inclusion (include_path='.:/opt/alt/php82/usr/share/pear:/opt/alt/php82/usr/share/php:/usr/share/pear:/usr/share/php') /home/vtw29p6363rq/public_html/dashboard/siat-systems-api/system/core/Exceptions.php 184
ERROR - 2026-01-16 17:29:05 --> 404 Page Not Found: Configjson/index
ERROR - 2026-01-16 17:29:05 --> Severity: Warning --> include(/home/vtw29p6363rq/public_html/dashboard/siat-systems-api/application/views/errors/html/error_404.php): Failed to open stream: No such file or directory /home/vtw29p6363rq/public_html/dashboard/siat-systems-api/system/core/Exceptions.php 184
ERROR - 2026-01-16 17:29:05 --> Severity: Warning --> include(): Failed opening '/home/vtw29p6363rq/public_html/dashboard/siat-systems-api/application/views/errors/html/error_404.php' for inclusion (include_path='.:/opt/alt/php82/usr/share/pear:/opt/alt/php82/usr/share/php:/usr/share/pear:/usr/share/php') /home/vtw29p6363rq/public_html/dashboard/siat-systems-api/system/core/Exceptions.php 184
ERROR - 2026-01-16 17:29:06 --> 404 Page Not Found: Workboxjs/index
ERROR - 2026-01-16 17:29:06 --> Severity: Warning --> include(/home/vtw29p6363rq/public_html/dashboard/siat-systems-api/application/views/errors/html/error_404.php): Failed to open stream: No such file or directory /home/vtw29p6363rq/public_html/dashboard/siat-systems-api/system/core/Exceptions.php 184
ERROR - 2026-01-16 17:29:06 --> Severity: Warning --> include(): Failed opening '/home/vtw29p6363rq/public_html/dashboard/siat-systems-api/application/views/errors/html/error_404.php' for inclusion (include_path='.:/opt/alt/php82/usr/share/pear:/opt/alt/php82/usr/share/php:/usr/share/pear:/usr/share/php') /home/vtw29p6363rq/public_html/dashboard/siat-systems-api/system/core/Exceptions.php 184
ERROR - 2026-01-16 17:29:06 --> 404 Page Not Found: Static/js
ERROR - 2026-01-16 17:29:06 --> Severity: Warning --> include(/home/vtw29p6363rq/public_html/dashboard/siat-systems-api/application/views/errors/html/error_404.php): Failed to open stream: No such file or directory /home/vtw29p6363rq/public_html/dashboard/siat-systems-api/system/core/Exceptions.php 184
ERROR - 2026-01-16 17:29:06 --> 404 Page Not Found: Public/js
ERROR - 2026-01-16 17:29:06 --> Severity: Warning --> include(): Failed opening '/home/vtw29p6363rq/public_html/dashboard/siat-systems-api/application/views/errors/html/error_404.php' for inclusion (include_path='.:/opt/alt/php82/usr/share/pear:/opt/alt/php82/usr/share/php:/usr/share/pear:/usr/share/php') /home/vtw29p6363rq/public_html/dashboard/siat-systems-api/system/core/Exceptions.php 184
ERROR - 2026-01-16 17:29:06 --> Severity: Warning --> include(/home/vtw29p6363rq/public_html/dashboard/siat-systems-api/application/views/errors/html/error_404.php): Failed to open stream: No such file or directory /home/vtw29p6363rq/public_html/dashboard/siat-systems-api/system/core/Exceptions.php 184
ERROR - 2026-01-16 17:29:06 --> Severity: Warning --> include(): Failed opening '/home/vtw29p6363rq/public_html/dashboard/siat-systems-api/application/views/errors/html/error_404.php' for inclusion (include_path='.:/opt/alt/php82/usr/share/pear:/opt/alt/php82/usr/share/php:/usr/share/pear:/usr/share/php') /home/vtw29p6363rq/public_html/dashboard/siat-systems-api/system/core/Exceptions.php 184
ERROR - 2026-01-16 17:29:06 --> 404 Page Not Found: Keysjs/index
ERROR - 2026-01-16 17:29:06 --> Severity: Warning --> include(/home/vtw29p6363rq/public_html/dashboard/siat-systems-api/application/views/errors/html/error_404.php): Failed to open stream: No such file or directory /home/vtw29p6363rq/public_html/dashboard/siat-systems-api/system/core/Exceptions.php 184
ERROR - 2026-01-16 17:29:06 --> Severity: Warning --> include(): Failed opening '/home/vtw29p6363rq/public_html/dashboard/siat-systems-api/application/views/errors/html/error_404.php' for inclusion (include_path='.:/opt/alt/php82/usr/share/pear:/opt/alt/php82/usr/share/php:/usr/share/pear:/usr/share/php') /home/vtw29p6363rq/public_html/dashboard/siat-systems-api/system/core/Exceptions.php 184
ERROR - 2026-01-16 17:29:06 --> 404 Page Not Found: Runtime~mainjs/index
ERROR - 2026-01-16 17:29:06 --> Severity: Warning --> include(/home/vtw29p6363rq/public_html/dashboard/siat-systems-api/application/views/errors/html/error_404.php): Failed to open stream: No such file or directory /home/vtw29p6363rq/public_html/dashboard/siat-systems-api/system/core/Exceptions.php 184
ERROR - 2026-01-16 17:29:06 --> Severity: Warning --> include(): Failed opening '/home/vtw29p6363rq/public_html/dashboard/siat-systems-api/application/views/errors/html/error_404.php' for inclusion (include_path='.:/opt/alt/php82/usr/share/pear:/opt/alt/php82/usr/share/php:/usr/share/pear:/usr/share/php') /home/vtw29p6363rq/public_html/dashboard/siat-systems-api/system/core/Exceptions.php 184
ERROR - 2026-01-16 17:29:06 --> 404 Page Not Found: Configjs/index
ERROR - 2026-01-16 17:29:06 --> Severity: Warning --> include(/home/vtw29p6363rq/public_html/dashboard/siat-systems-api/application/views/errors/html/error_404.php): Failed to open stream: No such file or directory /home/vtw29p6363rq/public_html/dashboard/siat-systems-api/system/core/Exceptions.php 184
ERROR - 2026-01-16 17:29:06 --> Severity: Warning --> include(): Failed opening '/home/vtw29p6363rq/public_html/dashboard/siat-systems-api/application/views/errors/html/error_404.php' for inclusion (include_path='.:/opt/alt/php82/usr/share/pear:/opt/alt/php82/usr/share/php:/usr/share/pear:/usr/share/php') /home/vtw29p6363rq/public_html/dashboard/siat-systems-api/system/core/Exceptions.php 184
ERROR - 2026-01-16 17:29:06 --> 404 Page Not Found: Static/js
ERROR - 2026-01-16 17:29:06 --> Severity: Warning --> include(/home/vtw29p6363rq/public_html/dashboard/siat-systems-api/application/views/errors/html/error_404.php): Failed to open stream: No such file or directory /home/vtw29p6363rq/public_html/dashboard/siat-systems-api/system/core/Exceptions.php 184
ERROR - 2026-01-16 17:29:06 --> Severity: Warning --> include(): Failed opening '/home/vtw29p6363rq/public_html/dashboard/siat-systems-api/application/views/errors/html/error_404.php' for inclusion (include_path='.:/opt/alt/php82/usr/share/pear:/opt/alt/php82/usr/share/php:/usr/share/pear:/usr/share/php') /home/vtw29p6363rq/public_html/dashboard/siat-systems-api/system/core/Exceptions.php 184
ERROR - 2026-01-16 17:29:06 --> 404 Page Not Found: Api/v1
ERROR - 2026-01-16 17:29:06 --> Severity: Warning --> include(/home/vtw29p6363rq/public_html/dashboard/siat-systems-api/application/views/errors/html/error_404.php): Failed to open stream: No such file or directory /home/vtw29p6363rq/public_html/dashboard/siat-systems-api/system/core/Exceptions.php 184
ERROR - 2026-01-16 17:29:06 --> Severity: Warning --> include(): Failed opening '/home/vtw29p6363rq/public_html/dashboard/siat-systems-api/application/views/errors/html/error_404.php' for inclusion (include_path='.:/opt/alt/php82/usr/share/pear:/opt/alt/php82/usr/share/php:/usr/share/pear:/usr/share/php') /home/vtw29p6363rq/public_html/dashboard/siat-systems-api/system/core/Exceptions.php 184
ERROR - 2026-01-16 17:29:06 --> 404 Page Not Found: _next/static
ERROR - 2026-01-16 17:29:06 --> Severity: Warning --> include(/home/vtw29p6363rq/public_html/dashboard/siat-systems-api/application/views/errors/html/error_404.php): Failed to open stream: No such file or directory /home/vtw29p6363rq/public_html/dashboard/siat-systems-api/system/core/Exceptions.php 184
ERROR - 2026-01-16 17:29:06 --> Severity: Warning --> include(): Failed opening '/home/vtw29p6363rq/public_html/dashboard/siat-systems-api/application/views/errors/html/error_404.php' for inclusion (include_path='.:/opt/alt/php82/usr/share/pear:/opt/alt/php82/usr/share/php:/usr/share/pear:/usr/share/php') /home/vtw29p6363rq/public_html/dashboard/siat-systems-api/system/core/Exceptions.php 184
ERROR - 2026-01-16 17:29:06 --> WorldTimeAPI no respondió
ERROR - 2026-01-16 18:12:44 --> 404 Page Not Found: Shell/index
ERROR - 2026-01-16 18:12:44 --> Severity: Warning --> include(/home/vtw29p6363rq/public_html/dashboard/siat-systems-api/application/views/errors/html/error_404.php): Failed to open stream: No such file or directory /home/vtw29p6363rq/public_html/dashboard/siat-systems-api/system/core/Exceptions.php 184
ERROR - 2026-01-16 18:12:44 --> Severity: Warning --> include(): Failed opening '/home/vtw29p6363rq/public_html/dashboard/siat-systems-api/application/views/errors/html/error_404.php' for inclusion (include_path='.:/opt/alt/php82/usr/share/pear:/opt/alt/php82/usr/share/php:/usr/share/pear:/usr/share/php') /home/vtw29p6363rq/public_html/dashboard/siat-systems-api/system/core/Exceptions.php 184
ERROR - 2026-01-16 18:12:44 --> 404 Page Not Found: Webshell/index
ERROR - 2026-01-16 18:12:44 --> Severity: Warning --> include(/home/vtw29p6363rq/public_html/dashboard/siat-systems-api/application/views/errors/html/error_404.php): Failed to open stream: No such file or directory /home/vtw29p6363rq/public_html/dashboard/siat-systems-api/system/core/Exceptions.php 184
ERROR - 2026-01-16 18:12:44 --> Severity: Warning --> include(): Failed opening '/home/vtw29p6363rq/public_html/dashboard/siat-systems-api/application/views/errors/html/error_404.php' for inclusion (include_path='.:/opt/alt/php82/usr/share/pear:/opt/alt/php82/usr/share/php:/usr/share/pear:/usr/share/php') /home/vtw29p6363rq/public_html/dashboard/siat-systems-api/system/core/Exceptions.php 184
ERROR - 2026-01-16 18:37:32 --> 404 Page Not Found: Shellphp/index
ERROR - 2026-01-16 18:37:32 --> Severity: Warning --> include(/home/vtw29p6363rq/public_html/dashboard/siat-systems-api/application/views/errors/html/error_404.php): Failed to open stream: No such file or directory /home/vtw29p6363rq/public_html/dashboard/siat-systems-api/system/core/Exceptions.php 184
ERROR - 2026-01-16 18:37:32 --> Severity: Warning --> include(): Failed opening '/home/vtw29p6363rq/public_html/dashboard/siat-systems-api/application/views/errors/html/error_404.php' for inclusion (include_path='.:/opt/alt/php82/usr/share/pear:/opt/alt/php82/usr/share/php:/usr/share/pear:/usr/share/php') /home/vtw29p6363rq/public_html/dashboard/siat-systems-api/system/core/Exceptions.php 184
ERROR - 2026-01-16 18:54:36 --> 404 Page Not Found: Webshellphp/index
ERROR - 2026-01-16 18:54:36 --> Severity: Warning --> include(/home/vtw29p6363rq/public_html/dashboard/siat-systems-api/application/views/errors/html/error_404.php): Failed to open stream: No such file or directory /home/vtw29p6363rq/public_html/dashboard/siat-systems-api/system/core/Exceptions.php 184
ERROR - 2026-01-16 18:54:36 --> Severity: Warning --> include(): Failed opening '/home/vtw29p6363rq/public_html/dashboard/siat-systems-api/application/views/errors/html/error_404.php' for inclusion (include_path='.:/opt/alt/php82/usr/share/pear:/opt/alt/php82/usr/share/php:/usr/share/pear:/usr/share/php') /home/vtw29p6363rq/public_html/dashboard/siat-systems-api/system/core/Exceptions.php 184
ERROR - 2026-01-16 20:01:20 --> 404 Page Not Found: Faviconico/index
ERROR - 2026-01-16 20:01:20 --> Severity: Warning --> include(/home/vtw29p6363rq/public_html/dashboard/siat-systems-api/application/views/errors/html/error_404.php): Failed to open stream: No such file or directory /home/vtw29p6363rq/public_html/dashboard/siat-systems-api/system/core/Exceptions.php 184
ERROR - 2026-01-16 20:01:20 --> Severity: Warning --> include(): Failed opening '/home/vtw29p6363rq/public_html/dashboard/siat-systems-api/application/views/errors/html/error_404.php' for inclusion (include_path='.:/opt/alt/php82/usr/share/pear:/opt/alt/php82/usr/share/php:/usr/share/pear:/usr/share/php') /home/vtw29p6363rq/public_html/dashboard/siat-systems-api/system/core/Exceptions.php 184
ERROR - 2026-01-16 20:30:55 --> 404 Page Not Found: Faviconico/index
ERROR - 2026-01-16 20:30:55 --> Severity: Warning --> include(/home/vtw29p6363rq/public_html/dashboard/siat-systems-api/application/views/errors/html/error_404.php): Failed to open stream: No such file or directory /home/vtw29p6363rq/public_html/dashboard/siat-systems-api/system/core/Exceptions.php 184
ERROR - 2026-01-16 20:30:55 --> Severity: Warning --> include(): Failed opening '/home/vtw29p6363rq/public_html/dashboard/siat-systems-api/application/views/errors/html/error_404.php' for inclusion (include_path='.:/opt/alt/php82/usr/share/pear:/opt/alt/php82/usr/share/php:/usr/share/pear:/usr/share/php') /home/vtw29p6363rq/public_html/dashboard/siat-systems-api/system/core/Exceptions.php 184
ERROR - 2026-01-16 21:01:14 --> 404 Page Not Found: Faviconico/index
ERROR - 2026-01-16 21:01:14 --> Severity: Warning --> include(/home/vtw29p6363rq/public_html/dashboard/siat-systems-api/application/views/errors/html/error_404.php): Failed to open stream: No such file or directory /home/vtw29p6363rq/public_html/dashboard/siat-systems-api/system/core/Exceptions.php 184
ERROR - 2026-01-16 21:01:14 --> Severity: Warning --> include(): Failed opening '/home/vtw29p6363rq/public_html/dashboard/siat-systems-api/application/views/errors/html/error_404.php' for inclusion (include_path='.:/opt/alt/php82/usr/share/pear:/opt/alt/php82/usr/share/php:/usr/share/pear:/usr/share/php') /home/vtw29p6363rq/public_html/dashboard/siat-systems-api/system/core/Exceptions.php 184
