ERROR - 2026-03-10 02:10:30 --> 404 Page Not Found: Env/index
ERROR - 2026-03-10 02:10:30 --> Severity: Warning --> include(/home/vtw29p6363rq/public_html/dashboard/siat-systems-api/application/views/errors/html/error_404.php): Failed to open stream: No such file or directory /home/vtw29p6363rq/public_html/dashboard/siat-systems-api/system/core/Exceptions.php 184
ERROR - 2026-03-10 02:10:30 --> Severity: Warning --> include(): Failed opening '/home/vtw29p6363rq/public_html/dashboard/siat-systems-api/application/views/errors/html/error_404.php' for inclusion (include_path='.:/opt/alt/php82/usr/share/pear:/opt/alt/php82/usr/share/php:/usr/share/pear:/usr/share/php') /home/vtw29p6363rq/public_html/dashboard/siat-systems-api/system/core/Exceptions.php 184
ERROR - 2026-03-10 03:53:42 --> WorldTimeAPI no respondió
ERROR - 2026-03-10 03:53:42 --> WorldTimeAPI no respondió
ERROR - 2026-03-10 03:55:39 --> WorldTimeAPI no respondió
ERROR - 2026-03-10 03:55:40 --> WorldTimeAPI no respondió
ERROR - 2026-03-10 04:52:07 --> WorldTimeAPI no respondió
ERROR - 2026-03-10 05:17:07 --> WorldTimeAPI no respondió
ERROR - 2026-03-10 05:23:42 --> WorldTimeAPI no respondió
ERROR - 2026-03-10 06:31:22 --> 404 Page Not Found: Git/config
ERROR - 2026-03-10 06:31:22 --> Severity: Warning --> include(/home/vtw29p6363rq/public_html/dashboard/siat-systems-api/application/views/errors/html/error_404.php): Failed to open stream: No such file or directory /home/vtw29p6363rq/public_html/dashboard/siat-systems-api/system/core/Exceptions.php 184
ERROR - 2026-03-10 06:31:22 --> Severity: Warning --> include(): Failed opening '/home/vtw29p6363rq/public_html/dashboard/siat-systems-api/application/views/errors/html/error_404.php' for inclusion (include_path='.:/opt/alt/php82/usr/share/pear:/opt/alt/php82/usr/share/php:/usr/share/pear:/usr/share/php') /home/vtw29p6363rq/public_html/dashboard/siat-systems-api/system/core/Exceptions.php 184
ERROR - 2026-03-10 06:46:07 --> WorldTimeAPI no respondió
ERROR - 2026-03-10 07:23:53 --> 404 Page Not Found: Env/index
ERROR - 2026-03-10 07:23:53 --> Severity: Warning --> include(/home/vtw29p6363rq/public_html/dashboard/siat-systems-api/application/views/errors/html/error_404.php): Failed to open stream: No such file or directory /home/vtw29p6363rq/public_html/dashboard/siat-systems-api/system/core/Exceptions.php 184
ERROR - 2026-03-10 07:23:53 --> Severity: Warning --> include(): Failed opening '/home/vtw29p6363rq/public_html/dashboard/siat-systems-api/application/views/errors/html/error_404.php' for inclusion (include_path='.:/opt/alt/php82/usr/share/pear:/opt/alt/php82/usr/share/php:/usr/share/pear:/usr/share/php') /home/vtw29p6363rq/public_html/dashboard/siat-systems-api/system/core/Exceptions.php 184
ERROR - 2026-03-10 07:34:40 --> WorldTimeAPI no respondió
ERROR - 2026-03-10 07:34:41 --> WorldTimeAPI no respondió
ERROR - 2026-03-10 07:36:47 --> WorldTimeAPI no respondió
ERROR - 2026-03-10 07:36:48 --> WorldTimeAPI no respondió
ERROR - 2026-03-10 07:46:00 --> WorldTimeAPI no respondió
ERROR - 2026-03-10 08:50:21 --> WorldTimeAPI no respondió
ERROR - 2026-03-10 08:50:21 --> WorldTimeAPI no respondió
ERROR - 2026-03-10 08:50:23 --> WorldTimeAPI no respondió
ERROR - 2026-03-10 08:59:28 --> 404 Page Not Found: _ignition/execute-solution
ERROR - 2026-03-10 08:59:28 --> Severity: Warning --> include(/home/vtw29p6363rq/public_html/dashboard/siat-systems-api/application/views/errors/html/error_404.php): Failed to open stream: No such file or directory /home/vtw29p6363rq/public_html/dashboard/siat-systems-api/system/core/Exceptions.php 184
ERROR - 2026-03-10 08:59:28 --> Severity: Warning --> include(): Failed opening '/home/vtw29p6363rq/public_html/dashboard/siat-systems-api/application/views/errors/html/error_404.php' for inclusion (include_path='.:/opt/alt/php82/usr/share/pear:/opt/alt/php82/usr/share/php:/usr/share/pear:/usr/share/php') /home/vtw29p6363rq/public_html/dashboard/siat-systems-api/system/core/Exceptions.php 184
ERROR - 2026-03-10 09:40:30 --> WorldTimeAPI no respondió
ERROR - 2026-03-10 11:29:00 --> WorldTimeAPI no respondió
ERROR - 2026-03-10 12:38:59 --> WorldTimeAPI no respondió
ERROR - 2026-03-10 13:00:55 --> WorldTimeAPI no respondió
ERROR - 2026-03-10 14:11:26 --> WorldTimeAPI no respondió
ERROR - 2026-03-10 14:11:33 --> 404 Page Not Found: Wordpress/index
ERROR - 2026-03-10 14:11:33 --> Severity: Warning --> include(/home/vtw29p6363rq/public_html/dashboard/siat-systems-api/application/views/errors/html/error_404.php): Failed to open stream: No such file or directory /home/vtw29p6363rq/public_html/dashboard/siat-systems-api/system/core/Exceptions.php 184
ERROR - 2026-03-10 14:11:33 --> Severity: Warning --> include(): Failed opening '/home/vtw29p6363rq/public_html/dashboard/siat-systems-api/application/views/errors/html/error_404.php' for inclusion (include_path='.:/opt/alt/php82/usr/share/pear:/opt/alt/php82/usr/share/php:/usr/share/pear:/usr/share/php') /home/vtw29p6363rq/public_html/dashboard/siat-systems-api/system/core/Exceptions.php 184
ERROR - 2026-03-10 16:20:51 --> WorldTimeAPI no respondió
ERROR - 2026-03-10 16:20:51 --> WorldTimeAPI no respondió
ERROR - 2026-03-10 16:20:52 --> WorldTimeAPI no respondió
ERROR - 2026-03-10 16:20:52 --> WorldTimeAPI no respondió
ERROR - 2026-03-10 16:23:00 --> WorldTimeAPI no respondió
ERROR - 2026-03-10 16:23:01 --> WorldTimeAPI no respondió
ERROR - 2026-03-10 16:23:01 --> WorldTimeAPI no respondió
ERROR - 2026-03-10 16:23:02 --> WorldTimeAPI no respondió
ERROR - 2026-03-10 20:01:02 --> WorldTimeAPI no respondió
ERROR - 2026-03-10 20:01:06 --> 404 Page Not Found: Faviconico/index
ERROR - 2026-03-10 20:01:06 --> Severity: Warning --> include(/home/vtw29p6363rq/public_html/dashboard/siat-systems-api/application/views/errors/html/error_404.php): Failed to open stream: No such file or directory /home/vtw29p6363rq/public_html/dashboard/siat-systems-api/system/core/Exceptions.php 184
ERROR - 2026-03-10 20:01:06 --> Severity: Warning --> include(): Failed opening '/home/vtw29p6363rq/public_html/dashboard/siat-systems-api/application/views/errors/html/error_404.php' for inclusion (include_path='.:/opt/alt/php82/usr/share/pear:/opt/alt/php82/usr/share/php:/usr/share/pear:/usr/share/php') /home/vtw29p6363rq/public_html/dashboard/siat-systems-api/system/core/Exceptions.php 184
