ERROR - 2026-01-11 00:34:49 --> 404 Page Not Found: Faviconico/index
ERROR - 2026-01-11 00:34:49 --> Severity: Warning --> include(/home/vtw29p6363rq/public_html/dashboard/siat-systems-api/application/views/errors/html/error_404.php): Failed to open stream: No such file or directory /home/vtw29p6363rq/public_html/dashboard/siat-systems-api/system/core/Exceptions.php 184
ERROR - 2026-01-11 00:34:49 --> Severity: Warning --> include(): Failed opening '/home/vtw29p6363rq/public_html/dashboard/siat-systems-api/application/views/errors/html/error_404.php' for inclusion (include_path='.:/opt/alt/php82/usr/share/pear:/opt/alt/php82/usr/share/php:/usr/share/pear:/usr/share/php') /home/vtw29p6363rq/public_html/dashboard/siat-systems-api/system/core/Exceptions.php 184
ERROR - 2026-01-11 01:11:11 --> 404 Page Not Found: Faviconico/index
ERROR - 2026-01-11 01:11:11 --> Severity: Warning --> include(/home/vtw29p6363rq/public_html/dashboard/siat-systems-api/application/views/errors/html/error_404.php): Failed to open stream: No such file or directory /home/vtw29p6363rq/public_html/dashboard/siat-systems-api/system/core/Exceptions.php 184
ERROR - 2026-01-11 01:11:11 --> Severity: Warning --> include(): Failed opening '/home/vtw29p6363rq/public_html/dashboard/siat-systems-api/application/views/errors/html/error_404.php' for inclusion (include_path='.:/opt/alt/php82/usr/share/pear:/opt/alt/php82/usr/share/php:/usr/share/pear:/usr/share/php') /home/vtw29p6363rq/public_html/dashboard/siat-systems-api/system/core/Exceptions.php 184
ERROR - 2026-01-11 01:32:38 --> 404 Page Not Found: Faviconico/index
ERROR - 2026-01-11 01:32:38 --> Severity: Warning --> include(/home/vtw29p6363rq/public_html/dashboard/siat-systems-api/application/views/errors/html/error_404.php): Failed to open stream: No such file or directory /home/vtw29p6363rq/public_html/dashboard/siat-systems-api/system/core/Exceptions.php 184
ERROR - 2026-01-11 01:32:38 --> Severity: Warning --> include(): Failed opening '/home/vtw29p6363rq/public_html/dashboard/siat-systems-api/application/views/errors/html/error_404.php' for inclusion (include_path='.:/opt/alt/php82/usr/share/pear:/opt/alt/php82/usr/share/php:/usr/share/pear:/usr/share/php') /home/vtw29p6363rq/public_html/dashboard/siat-systems-api/system/core/Exceptions.php 184
ERROR - 2026-01-11 01:33:39 --> 404 Page Not Found: Faviconico/index
ERROR - 2026-01-11 01:33:39 --> Severity: Warning --> include(/home/vtw29p6363rq/public_html/dashboard/siat-systems-api/application/views/errors/html/error_404.php): Failed to open stream: No such file or directory /home/vtw29p6363rq/public_html/dashboard/siat-systems-api/system/core/Exceptions.php 184
ERROR - 2026-01-11 01:33:39 --> Severity: Warning --> include(): Failed opening '/home/vtw29p6363rq/public_html/dashboard/siat-systems-api/application/views/errors/html/error_404.php' for inclusion (include_path='.:/opt/alt/php82/usr/share/pear:/opt/alt/php82/usr/share/php:/usr/share/pear:/usr/share/php') /home/vtw29p6363rq/public_html/dashboard/siat-systems-api/system/core/Exceptions.php 184
ERROR - 2026-01-11 01:36:51 --> 404 Page Not Found: Faviconico/index
ERROR - 2026-01-11 01:36:51 --> Severity: Warning --> include(/home/vtw29p6363rq/public_html/dashboard/siat-systems-api/application/views/errors/html/error_404.php): Failed to open stream: No such file or directory /home/vtw29p6363rq/public_html/dashboard/siat-systems-api/system/core/Exceptions.php 184
ERROR - 2026-01-11 01:36:51 --> Severity: Warning --> include(): Failed opening '/home/vtw29p6363rq/public_html/dashboard/siat-systems-api/application/views/errors/html/error_404.php' for inclusion (include_path='.:/opt/alt/php82/usr/share/pear:/opt/alt/php82/usr/share/php:/usr/share/pear:/usr/share/php') /home/vtw29p6363rq/public_html/dashboard/siat-systems-api/system/core/Exceptions.php 184
ERROR - 2026-01-11 01:40:07 --> 404 Page Not Found: Faviconico/index
ERROR - 2026-01-11 01:40:07 --> Severity: Warning --> include(/home/vtw29p6363rq/public_html/dashboard/siat-systems-api/application/views/errors/html/error_404.php): Failed to open stream: No such file or directory /home/vtw29p6363rq/public_html/dashboard/siat-systems-api/system/core/Exceptions.php 184
ERROR - 2026-01-11 01:40:07 --> Severity: Warning --> include(): Failed opening '/home/vtw29p6363rq/public_html/dashboard/siat-systems-api/application/views/errors/html/error_404.php' for inclusion (include_path='.:/opt/alt/php82/usr/share/pear:/opt/alt/php82/usr/share/php:/usr/share/pear:/usr/share/php') /home/vtw29p6363rq/public_html/dashboard/siat-systems-api/system/core/Exceptions.php 184
ERROR - 2026-01-11 01:43:01 --> 404 Page Not Found: Faviconico/index
ERROR - 2026-01-11 01:43:01 --> Severity: Warning --> include(/home/vtw29p6363rq/public_html/dashboard/siat-systems-api/application/views/errors/html/error_404.php): Failed to open stream: No such file or directory /home/vtw29p6363rq/public_html/dashboard/siat-systems-api/system/core/Exceptions.php 184
ERROR - 2026-01-11 01:43:01 --> Severity: Warning --> include(): Failed opening '/home/vtw29p6363rq/public_html/dashboard/siat-systems-api/application/views/errors/html/error_404.php' for inclusion (include_path='.:/opt/alt/php82/usr/share/pear:/opt/alt/php82/usr/share/php:/usr/share/pear:/usr/share/php') /home/vtw29p6363rq/public_html/dashboard/siat-systems-api/system/core/Exceptions.php 184
ERROR - 2026-01-11 04:01:36 --> 404 Page Not Found: Js/lkk_ch.js
ERROR - 2026-01-11 04:01:36 --> Severity: Warning --> include(/home/vtw29p6363rq/public_html/dashboard/siat-systems-api/application/views/errors/html/error_404.php): Failed to open stream: No such file or directory /home/vtw29p6363rq/public_html/dashboard/siat-systems-api/system/core/Exceptions.php 184
ERROR - 2026-01-11 04:01:36 --> Severity: Warning --> include(): Failed opening '/home/vtw29p6363rq/public_html/dashboard/siat-systems-api/application/views/errors/html/error_404.php' for inclusion (include_path='.:/opt/alt/php82/usr/share/pear:/opt/alt/php82/usr/share/php:/usr/share/pear:/usr/share/php') /home/vtw29p6363rq/public_html/dashboard/siat-systems-api/system/core/Exceptions.php 184
ERROR - 2026-01-11 04:01:36 --> 404 Page Not Found: Css/support_parent.css
ERROR - 2026-01-11 04:01:36 --> Severity: Warning --> include(/home/vtw29p6363rq/public_html/dashboard/siat-systems-api/application/views/errors/html/error_404.php): Failed to open stream: No such file or directory /home/vtw29p6363rq/public_html/dashboard/siat-systems-api/system/core/Exceptions.php 184
ERROR - 2026-01-11 04:01:36 --> Severity: Warning --> include(): Failed opening '/home/vtw29p6363rq/public_html/dashboard/siat-systems-api/application/views/errors/html/error_404.php' for inclusion (include_path='.:/opt/alt/php82/usr/share/pear:/opt/alt/php82/usr/share/php:/usr/share/pear:/usr/share/php') /home/vtw29p6363rq/public_html/dashboard/siat-systems-api/system/core/Exceptions.php 184
ERROR - 2026-01-11 08:43:10 --> 404 Page Not Found: Faviconico/index
ERROR - 2026-01-11 08:43:10 --> Severity: Warning --> include(/home/vtw29p6363rq/public_html/dashboard/siat-systems-api/application/views/errors/html/error_404.php): Failed to open stream: No such file or directory /home/vtw29p6363rq/public_html/dashboard/siat-systems-api/system/core/Exceptions.php 184
ERROR - 2026-01-11 08:43:10 --> Severity: Warning --> include(): Failed opening '/home/vtw29p6363rq/public_html/dashboard/siat-systems-api/application/views/errors/html/error_404.php' for inclusion (include_path='.:/opt/alt/php82/usr/share/pear:/opt/alt/php82/usr/share/php:/usr/share/pear:/usr/share/php') /home/vtw29p6363rq/public_html/dashboard/siat-systems-api/system/core/Exceptions.php 184
