ERROR - 2026-01-19 05:10:16 --> 404 Page Not Found: Wp-includes/wlwmanifest.xml
ERROR - 2026-01-19 05:10:16 --> Severity: Warning --> include(/home/vtw29p6363rq/public_html/dashboard/siat-systems-api/application/views/errors/html/error_404.php): Failed to open stream: No such file or directory /home/vtw29p6363rq/public_html/dashboard/siat-systems-api/system/core/Exceptions.php 184
ERROR - 2026-01-19 05:10:16 --> Severity: Warning --> include(): Failed opening '/home/vtw29p6363rq/public_html/dashboard/siat-systems-api/application/views/errors/html/error_404.php' for inclusion (include_path='.:/opt/alt/php82/usr/share/pear:/opt/alt/php82/usr/share/php:/usr/share/pear:/usr/share/php') /home/vtw29p6363rq/public_html/dashboard/siat-systems-api/system/core/Exceptions.php 184
ERROR - 2026-01-19 05:10:16 --> 404 Page Not Found: Xmlrpcphp/index
ERROR - 2026-01-19 05:10:16 --> Severity: Warning --> include(/home/vtw29p6363rq/public_html/dashboard/siat-systems-api/application/views/errors/html/error_404.php): Failed to open stream: No such file or directory /home/vtw29p6363rq/public_html/dashboard/siat-systems-api/system/core/Exceptions.php 184
ERROR - 2026-01-19 05:10:16 --> Severity: Warning --> include(): Failed opening '/home/vtw29p6363rq/public_html/dashboard/siat-systems-api/application/views/errors/html/error_404.php' for inclusion (include_path='.:/opt/alt/php82/usr/share/pear:/opt/alt/php82/usr/share/php:/usr/share/pear:/usr/share/php') /home/vtw29p6363rq/public_html/dashboard/siat-systems-api/system/core/Exceptions.php 184
ERROR - 2026-01-19 05:10:17 --> 404 Page Not Found: Blog/wp-includes
ERROR - 2026-01-19 05:10:17 --> Severity: Warning --> include(/home/vtw29p6363rq/public_html/dashboard/siat-systems-api/application/views/errors/html/error_404.php): Failed to open stream: No such file or directory /home/vtw29p6363rq/public_html/dashboard/siat-systems-api/system/core/Exceptions.php 184
ERROR - 2026-01-19 05:10:17 --> Severity: Warning --> include(): Failed opening '/home/vtw29p6363rq/public_html/dashboard/siat-systems-api/application/views/errors/html/error_404.php' for inclusion (include_path='.:/opt/alt/php82/usr/share/pear:/opt/alt/php82/usr/share/php:/usr/share/pear:/usr/share/php') /home/vtw29p6363rq/public_html/dashboard/siat-systems-api/system/core/Exceptions.php 184
ERROR - 2026-01-19 05:10:17 --> 404 Page Not Found: Web/wp-includes
ERROR - 2026-01-19 05:10:17 --> Severity: Warning --> include(/home/vtw29p6363rq/public_html/dashboard/siat-systems-api/application/views/errors/html/error_404.php): Failed to open stream: No such file or directory /home/vtw29p6363rq/public_html/dashboard/siat-systems-api/system/core/Exceptions.php 184
ERROR - 2026-01-19 05:10:17 --> Severity: Warning --> include(): Failed opening '/home/vtw29p6363rq/public_html/dashboard/siat-systems-api/application/views/errors/html/error_404.php' for inclusion (include_path='.:/opt/alt/php82/usr/share/pear:/opt/alt/php82/usr/share/php:/usr/share/pear:/usr/share/php') /home/vtw29p6363rq/public_html/dashboard/siat-systems-api/system/core/Exceptions.php 184
ERROR - 2026-01-19 05:10:17 --> 404 Page Not Found: Wordpress/wp-includes
ERROR - 2026-01-19 05:10:17 --> Severity: Warning --> include(/home/vtw29p6363rq/public_html/dashboard/siat-systems-api/application/views/errors/html/error_404.php): Failed to open stream: No such file or directory /home/vtw29p6363rq/public_html/dashboard/siat-systems-api/system/core/Exceptions.php 184
ERROR - 2026-01-19 05:10:17 --> Severity: Warning --> include(): Failed opening '/home/vtw29p6363rq/public_html/dashboard/siat-systems-api/application/views/errors/html/error_404.php' for inclusion (include_path='.:/opt/alt/php82/usr/share/pear:/opt/alt/php82/usr/share/php:/usr/share/pear:/usr/share/php') /home/vtw29p6363rq/public_html/dashboard/siat-systems-api/system/core/Exceptions.php 184
ERROR - 2026-01-19 05:10:17 --> 404 Page Not Found: Website/wp-includes
ERROR - 2026-01-19 05:10:17 --> Severity: Warning --> include(/home/vtw29p6363rq/public_html/dashboard/siat-systems-api/application/views/errors/html/error_404.php): Failed to open stream: No such file or directory /home/vtw29p6363rq/public_html/dashboard/siat-systems-api/system/core/Exceptions.php 184
ERROR - 2026-01-19 05:10:17 --> Severity: Warning --> include(): Failed opening '/home/vtw29p6363rq/public_html/dashboard/siat-systems-api/application/views/errors/html/error_404.php' for inclusion (include_path='.:/opt/alt/php82/usr/share/pear:/opt/alt/php82/usr/share/php:/usr/share/pear:/usr/share/php') /home/vtw29p6363rq/public_html/dashboard/siat-systems-api/system/core/Exceptions.php 184
ERROR - 2026-01-19 05:10:17 --> 404 Page Not Found: Wp/wp-includes
ERROR - 2026-01-19 05:10:17 --> Severity: Warning --> include(/home/vtw29p6363rq/public_html/dashboard/siat-systems-api/application/views/errors/html/error_404.php): Failed to open stream: No such file or directory /home/vtw29p6363rq/public_html/dashboard/siat-systems-api/system/core/Exceptions.php 184
ERROR - 2026-01-19 05:10:17 --> Severity: Warning --> include(): Failed opening '/home/vtw29p6363rq/public_html/dashboard/siat-systems-api/application/views/errors/html/error_404.php' for inclusion (include_path='.:/opt/alt/php82/usr/share/pear:/opt/alt/php82/usr/share/php:/usr/share/pear:/usr/share/php') /home/vtw29p6363rq/public_html/dashboard/siat-systems-api/system/core/Exceptions.php 184
ERROR - 2026-01-19 05:10:17 --> 404 Page Not Found: News/wp-includes
ERROR - 2026-01-19 05:10:17 --> Severity: Warning --> include(/home/vtw29p6363rq/public_html/dashboard/siat-systems-api/application/views/errors/html/error_404.php): Failed to open stream: No such file or directory /home/vtw29p6363rq/public_html/dashboard/siat-systems-api/system/core/Exceptions.php 184
ERROR - 2026-01-19 05:10:17 --> Severity: Warning --> include(): Failed opening '/home/vtw29p6363rq/public_html/dashboard/siat-systems-api/application/views/errors/html/error_404.php' for inclusion (include_path='.:/opt/alt/php82/usr/share/pear:/opt/alt/php82/usr/share/php:/usr/share/pear:/usr/share/php') /home/vtw29p6363rq/public_html/dashboard/siat-systems-api/system/core/Exceptions.php 184
ERROR - 2026-01-19 05:10:17 --> 404 Page Not Found: 2018/wp-includes
ERROR - 2026-01-19 05:10:17 --> Severity: Warning --> include(/home/vtw29p6363rq/public_html/dashboard/siat-systems-api/application/views/errors/html/error_404.php): Failed to open stream: No such file or directory /home/vtw29p6363rq/public_html/dashboard/siat-systems-api/system/core/Exceptions.php 184
ERROR - 2026-01-19 05:10:17 --> Severity: Warning --> include(): Failed opening '/home/vtw29p6363rq/public_html/dashboard/siat-systems-api/application/views/errors/html/error_404.php' for inclusion (include_path='.:/opt/alt/php82/usr/share/pear:/opt/alt/php82/usr/share/php:/usr/share/pear:/usr/share/php') /home/vtw29p6363rq/public_html/dashboard/siat-systems-api/system/core/Exceptions.php 184
ERROR - 2026-01-19 05:10:17 --> 404 Page Not Found: 2019/wp-includes
ERROR - 2026-01-19 05:10:17 --> Severity: Warning --> include(/home/vtw29p6363rq/public_html/dashboard/siat-systems-api/application/views/errors/html/error_404.php): Failed to open stream: No such file or directory /home/vtw29p6363rq/public_html/dashboard/siat-systems-api/system/core/Exceptions.php 184
ERROR - 2026-01-19 05:10:17 --> Severity: Warning --> include(): Failed opening '/home/vtw29p6363rq/public_html/dashboard/siat-systems-api/application/views/errors/html/error_404.php' for inclusion (include_path='.:/opt/alt/php82/usr/share/pear:/opt/alt/php82/usr/share/php:/usr/share/pear:/usr/share/php') /home/vtw29p6363rq/public_html/dashboard/siat-systems-api/system/core/Exceptions.php 184
ERROR - 2026-01-19 05:10:17 --> 404 Page Not Found: Shop/wp-includes
ERROR - 2026-01-19 05:10:17 --> Severity: Warning --> include(/home/vtw29p6363rq/public_html/dashboard/siat-systems-api/application/views/errors/html/error_404.php): Failed to open stream: No such file or directory /home/vtw29p6363rq/public_html/dashboard/siat-systems-api/system/core/Exceptions.php 184
ERROR - 2026-01-19 05:10:17 --> Severity: Warning --> include(): Failed opening '/home/vtw29p6363rq/public_html/dashboard/siat-systems-api/application/views/errors/html/error_404.php' for inclusion (include_path='.:/opt/alt/php82/usr/share/pear:/opt/alt/php82/usr/share/php:/usr/share/pear:/usr/share/php') /home/vtw29p6363rq/public_html/dashboard/siat-systems-api/system/core/Exceptions.php 184
ERROR - 2026-01-19 05:10:17 --> 404 Page Not Found: Wp1/wp-includes
ERROR - 2026-01-19 05:10:17 --> Severity: Warning --> include(/home/vtw29p6363rq/public_html/dashboard/siat-systems-api/application/views/errors/html/error_404.php): Failed to open stream: No such file or directory /home/vtw29p6363rq/public_html/dashboard/siat-systems-api/system/core/Exceptions.php 184
ERROR - 2026-01-19 05:10:17 --> Severity: Warning --> include(): Failed opening '/home/vtw29p6363rq/public_html/dashboard/siat-systems-api/application/views/errors/html/error_404.php' for inclusion (include_path='.:/opt/alt/php82/usr/share/pear:/opt/alt/php82/usr/share/php:/usr/share/pear:/usr/share/php') /home/vtw29p6363rq/public_html/dashboard/siat-systems-api/system/core/Exceptions.php 184
ERROR - 2026-01-19 05:10:17 --> 404 Page Not Found: Test/wp-includes
ERROR - 2026-01-19 05:10:17 --> Severity: Warning --> include(/home/vtw29p6363rq/public_html/dashboard/siat-systems-api/application/views/errors/html/error_404.php): Failed to open stream: No such file or directory /home/vtw29p6363rq/public_html/dashboard/siat-systems-api/system/core/Exceptions.php 184
ERROR - 2026-01-19 05:10:17 --> Severity: Warning --> include(): Failed opening '/home/vtw29p6363rq/public_html/dashboard/siat-systems-api/application/views/errors/html/error_404.php' for inclusion (include_path='.:/opt/alt/php82/usr/share/pear:/opt/alt/php82/usr/share/php:/usr/share/pear:/usr/share/php') /home/vtw29p6363rq/public_html/dashboard/siat-systems-api/system/core/Exceptions.php 184
ERROR - 2026-01-19 05:10:18 --> 404 Page Not Found: Media/wp-includes
ERROR - 2026-01-19 05:10:18 --> Severity: Warning --> include(/home/vtw29p6363rq/public_html/dashboard/siat-systems-api/application/views/errors/html/error_404.php): Failed to open stream: No such file or directory /home/vtw29p6363rq/public_html/dashboard/siat-systems-api/system/core/Exceptions.php 184
ERROR - 2026-01-19 05:10:18 --> Severity: Warning --> include(): Failed opening '/home/vtw29p6363rq/public_html/dashboard/siat-systems-api/application/views/errors/html/error_404.php' for inclusion (include_path='.:/opt/alt/php82/usr/share/pear:/opt/alt/php82/usr/share/php:/usr/share/pear:/usr/share/php') /home/vtw29p6363rq/public_html/dashboard/siat-systems-api/system/core/Exceptions.php 184
ERROR - 2026-01-19 05:10:18 --> 404 Page Not Found: Wp2/wp-includes
ERROR - 2026-01-19 05:10:18 --> Severity: Warning --> include(/home/vtw29p6363rq/public_html/dashboard/siat-systems-api/application/views/errors/html/error_404.php): Failed to open stream: No such file or directory /home/vtw29p6363rq/public_html/dashboard/siat-systems-api/system/core/Exceptions.php 184
ERROR - 2026-01-19 05:10:18 --> Severity: Warning --> include(): Failed opening '/home/vtw29p6363rq/public_html/dashboard/siat-systems-api/application/views/errors/html/error_404.php' for inclusion (include_path='.:/opt/alt/php82/usr/share/pear:/opt/alt/php82/usr/share/php:/usr/share/pear:/usr/share/php') /home/vtw29p6363rq/public_html/dashboard/siat-systems-api/system/core/Exceptions.php 184
ERROR - 2026-01-19 05:10:18 --> 404 Page Not Found: Site/wp-includes
ERROR - 2026-01-19 05:10:18 --> Severity: Warning --> include(/home/vtw29p6363rq/public_html/dashboard/siat-systems-api/application/views/errors/html/error_404.php): Failed to open stream: No such file or directory /home/vtw29p6363rq/public_html/dashboard/siat-systems-api/system/core/Exceptions.php 184
ERROR - 2026-01-19 05:10:18 --> Severity: Warning --> include(): Failed opening '/home/vtw29p6363rq/public_html/dashboard/siat-systems-api/application/views/errors/html/error_404.php' for inclusion (include_path='.:/opt/alt/php82/usr/share/pear:/opt/alt/php82/usr/share/php:/usr/share/pear:/usr/share/php') /home/vtw29p6363rq/public_html/dashboard/siat-systems-api/system/core/Exceptions.php 184
ERROR - 2026-01-19 05:10:18 --> 404 Page Not Found: Cms/wp-includes
ERROR - 2026-01-19 05:10:18 --> Severity: Warning --> include(/home/vtw29p6363rq/public_html/dashboard/siat-systems-api/application/views/errors/html/error_404.php): Failed to open stream: No such file or directory /home/vtw29p6363rq/public_html/dashboard/siat-systems-api/system/core/Exceptions.php 184
ERROR - 2026-01-19 05:10:18 --> Severity: Warning --> include(): Failed opening '/home/vtw29p6363rq/public_html/dashboard/siat-systems-api/application/views/errors/html/error_404.php' for inclusion (include_path='.:/opt/alt/php82/usr/share/pear:/opt/alt/php82/usr/share/php:/usr/share/pear:/usr/share/php') /home/vtw29p6363rq/public_html/dashboard/siat-systems-api/system/core/Exceptions.php 184
ERROR - 2026-01-19 05:10:18 --> 404 Page Not Found: Sito/wp-includes
ERROR - 2026-01-19 05:10:18 --> Severity: Warning --> include(/home/vtw29p6363rq/public_html/dashboard/siat-systems-api/application/views/errors/html/error_404.php): Failed to open stream: No such file or directory /home/vtw29p6363rq/public_html/dashboard/siat-systems-api/system/core/Exceptions.php 184
ERROR - 2026-01-19 05:10:18 --> Severity: Warning --> include(): Failed opening '/home/vtw29p6363rq/public_html/dashboard/siat-systems-api/application/views/errors/html/error_404.php' for inclusion (include_path='.:/opt/alt/php82/usr/share/pear:/opt/alt/php82/usr/share/php:/usr/share/pear:/usr/share/php') /home/vtw29p6363rq/public_html/dashboard/siat-systems-api/system/core/Exceptions.php 184
ERROR - 2026-01-19 09:32:22 --> 404 Page Not Found: Faviconico/index
ERROR - 2026-01-19 09:32:22 --> Severity: Warning --> include(/home/vtw29p6363rq/public_html/dashboard/siat-systems-api/application/views/errors/html/error_404.php): Failed to open stream: No such file or directory /home/vtw29p6363rq/public_html/dashboard/siat-systems-api/system/core/Exceptions.php 184
ERROR - 2026-01-19 09:32:22 --> Severity: Warning --> include(): Failed opening '/home/vtw29p6363rq/public_html/dashboard/siat-systems-api/application/views/errors/html/error_404.php' for inclusion (include_path='.:/opt/alt/php82/usr/share/pear:/opt/alt/php82/usr/share/php:/usr/share/pear:/usr/share/php') /home/vtw29p6363rq/public_html/dashboard/siat-systems-api/system/core/Exceptions.php 184
ERROR - 2026-01-19 09:36:19 --> WorldTimeAPI no respondió
ERROR - 2026-01-19 09:36:27 --> WorldTimeAPI no respondió
ERROR - 2026-01-19 09:36:30 --> WorldTimeAPI no respondió
ERROR - 2026-01-19 09:36:56 --> WorldTimeAPI no respondió
ERROR - 2026-01-19 09:38:33 --> Severity: Warning --> Undefined array key "id" /home/vtw29p6363rq/public_html/dashboard/siat-systems-api/application/models/opiniones/Querys.php 20
ERROR - 2026-01-19 09:38:33 --> Severity: Warning --> Undefined array key "id" /home/vtw29p6363rq/public_html/dashboard/siat-systems-api/application/models/opiniones/Querys.php 20
ERROR - 2026-01-19 09:38:37 --> Severity: Warning --> Undefined array key "id" /home/vtw29p6363rq/public_html/dashboard/siat-systems-api/application/models/opiniones/Querys.php 20
ERROR - 2026-01-19 09:38:37 --> Severity: Warning --> Undefined array key "id" /home/vtw29p6363rq/public_html/dashboard/siat-systems-api/application/models/opiniones/Querys.php 20
ERROR - 2026-01-19 09:39:03 --> Severity: Warning --> Undefined array key "id" /home/vtw29p6363rq/public_html/dashboard/siat-systems-api/application/models/opiniones/Querys.php 20
ERROR - 2026-01-19 09:39:03 --> Severity: Warning --> Undefined array key "id" /home/vtw29p6363rq/public_html/dashboard/siat-systems-api/application/models/opiniones/Querys.php 20
ERROR - 2026-01-19 09:39:15 --> Severity: Warning --> Undefined array key "id" /home/vtw29p6363rq/public_html/dashboard/siat-systems-api/application/models/opiniones/Querys.php 20
ERROR - 2026-01-19 09:40:21 --> WorldTimeAPI no respondió
ERROR - 2026-01-19 09:40:46 --> WorldTimeAPI no respondió
ERROR - 2026-01-19 09:40:46 --> WorldTimeAPI no respondió
ERROR - 2026-01-19 09:40:46 --> WorldTimeAPI no respondió
ERROR - 2026-01-19 09:42:01 --> WorldTimeAPI no respondió
ERROR - 2026-01-19 09:42:22 --> WorldTimeAPI no respondió
ERROR - 2026-01-19 11:33:35 --> WorldTimeAPI no respondió
ERROR - 2026-01-19 11:33:37 --> WorldTimeAPI no respondió
